-------------------------------------------------------------------
         SDDP.jl (c) Oscar Dowson and contributors, 2017-23
-------------------------------------------------------------------
problem
  nodes           : 3
  state variables : 1
  scenarios       : 4.00000e+00
  existing cuts   : false
options
  solver          : serial mode
  risk measure    : SDDP.Expectation()
  sampling scheme : SDDP.InSampleMonteCarlo
subproblem structure
  VariableRef                             : [9, 9]
  AffExpr in MOI.EqualTo{Float64}         : [2, 2]
  VariableRef in MOI.GreaterThan{Float64} : [7, 7]
  VariableRef in MOI.LessThan{Float64}    : [1, 2]
numerical stability report
  matrix range     [1e+00, 1e+00]
  objective range  [1e+00, 2e+02]
  bounds range     [3e+02, 3e+02]
  rhs range        [2e+02, 2e+02]
-------------------------------------------------------------------
 iteration    simulation      bound        time (s)     solves  pid
-------------------------------------------------------------------
         1   1.000000e+04  1.000000e+04  4.429000e+00         8   1
-------------------------------------------------------------------
status         : iteration_limit
total time (s) : 4.429000e+00
total solves   : 8
best bound     :  1.000000e+04
simulation ci  :  1.000000e+04 ±          NaN
numeric issues : 0
-------------------------------------------------------------------

-------------------------------------------------------------------
         SDDP.jl (c) Oscar Dowson and contributors, 2017-23
-------------------------------------------------------------------
problem
  nodes           : 3
  state variables : 1
  scenarios       : 4.00000e+00
  existing cuts   : false
options
  solver          : serial mode
  risk measure    : SDDP.Expectation()
  sampling scheme : SDDP.InSampleMonteCarlo
subproblem structure
  VariableRef                             : [9, 9]
  AffExpr in MOI.EqualTo{Float64}         : [2, 2]
  VariableRef in MOI.GreaterThan{Float64} : [7, 7]
  VariableRef in MOI.LessThan{Float64}    : [1, 2]
numerical stability report
  matrix range     [1e+00, 1e+00]
  objective range  [1e+00, 2e+02]
  bounds range     [3e+02, 3e+02]
  rhs range        [2e+02, 2e+02]
-------------------------------------------------------------------
 iteration    simulation      bound        time (s)     solves  pid
-------------------------------------------------------------------
         1   1.000000e+04  1.000000e+04  4.899000e+00         8   1
-------------------------------------------------------------------
status         : iteration_limit
total time (s) : 4.899000e+00
total solves   : 8
best bound     :  1.000000e+04
simulation ci  :  1.000000e+04 ±          NaN
numeric issues : 0
-------------------------------------------------------------------

-------------------------------------------------------------------
         SDDP.jl (c) Oscar Dowson and contributors, 2017-23
-------------------------------------------------------------------
problem
  nodes           : 3
  state variables : 1
  scenarios       : 4.00000e+00
  existing cuts   : false
options
  solver          : serial mode
  risk measure    : SDDP.Expectation()
  sampling scheme : SDDP.InSampleMonteCarlo
subproblem structure
  VariableRef                             : [9, 9]
  AffExpr in MOI.EqualTo{Float64}         : [2, 2]
  VariableRef in MOI.GreaterThan{Float64} : [7, 7]
  VariableRef in MOI.LessThan{Float64}    : [1, 2]
numerical stability report
  matrix range     [1e+00, 1e+00]
  objective range  [1e+00, 2e+02]
  bounds range     [3e+02, 3e+02]
  rhs range        [2e+02, 2e+02]
-------------------------------------------------------------------
 iteration    simulation      bound        time (s)     solves  pid
-------------------------------------------------------------------
         1   1.000000e+04  1.000000e+04  5.397000e+00         8   1
-------------------------------------------------------------------
status         : iteration_limit
total time (s) : 5.397000e+00
total solves   : 8
best bound     :  1.000000e+04
simulation ci  :  1.000000e+04 ±          NaN
numeric issues : 0
-------------------------------------------------------------------

-------------------------------------------------------------------
         SDDP.jl (c) Oscar Dowson and contributors, 2017-23
-------------------------------------------------------------------
problem
  nodes           : 3
  state variables : 1
  scenarios       : 4.00000e+00
  existing cuts   : false
options
  solver          : serial mode
  risk measure    : SDDP.Expectation()
  sampling scheme : SDDP.InSampleMonteCarlo
subproblem structure
  VariableRef                             : [9, 9]
  AffExpr in MOI.EqualTo{Float64}         : [2, 2]
  VariableRef in MOI.GreaterThan{Float64} : [7, 7]
  VariableRef in MOI.LessThan{Float64}    : [1, 2]
numerical stability report
  matrix range     [1e+00, 1e+00]
  objective range  [1e+00, 2e+02]
  bounds range     [3e+02, 3e+02]
  rhs range        [2e+02, 2e+02]
-------------------------------------------------------------------
 iteration    simulation      bound        time (s)     solves  pid
-------------------------------------------------------------------
         1   7.500000e+03  1.000000e+04  9.744000e+00         8   1
-------------------------------------------------------------------
status         : iteration_limit
total time (s) : 9.744000e+00
total solves   : 8
best bound     :  1.000000e+04
simulation ci  :  7.500000e+03 ±          NaN
numeric issues : 0
-------------------------------------------------------------------

-------------------------------------------------------------------
         SDDP.jl (c) Oscar Dowson and contributors, 2017-23
-------------------------------------------------------------------
problem
  nodes           : 3
  state variables : 1
  scenarios       : 4.00000e+00
  existing cuts   : false
options
  solver          : serial mode
  risk measure    : SDDP.Expectation()
  sampling scheme : SDDP.InSampleMonteCarlo
subproblem structure
  VariableRef                             : [9, 9]
  AffExpr in MOI.EqualTo{Float64}         : [2, 2]
  VariableRef in MOI.GreaterThan{Float64} : [7, 7]
  VariableRef in MOI.LessThan{Float64}    : [1, 2]
numerical stability report
  matrix range     [1e+00, 1e+00]
  objective range  [1e+00, 2e+02]
  bounds range     [3e+02, 3e+02]
  rhs range        [2e+02, 2e+02]
-------------------------------------------------------------------
 iteration    simulation      bound        time (s)     solves  pid
-------------------------------------------------------------------
         1   1.000000e+04  1.000000e+04  7.451000e+00         8   1
        10   1.000000e+04  1.000000e+04  7.757000e+00        80   1
-------------------------------------------------------------------
status         : iteration_limit
total time (s) : 7.757000e+00
total solves   : 80
best bound     :  1.000000e+04
simulation ci  :  1.100000e+04 ± 8.001666e+02
numeric issues : 0
-------------------------------------------------------------------

-------------------------------------------------------------------
         SDDP.jl (c) Oscar Dowson and contributors, 2017-23
-------------------------------------------------------------------
problem
  nodes           : 3
  state variables : 1
  scenarios       : 4.00000e+00
  existing cuts   : false
options
  solver          : serial mode
  risk measure    : SDDP.Expectation()
  sampling scheme : SDDP.InSampleMonteCarlo
subproblem structure
  VariableRef                             : [9, 9]
  AffExpr in MOI.EqualTo{Float64}         : [2, 2]
  VariableRef in MOI.GreaterThan{Float64} : [7, 7]
  VariableRef in MOI.LessThan{Float64}    : [1, 2]
numerical stability report
  matrix range     [1e+00, 1e+00]
  objective range  [1e+00, 2e+02]
  bounds range     [3e+02, 3e+02]
  rhs range        [2e+02, 2e+02]
-------------------------------------------------------------------
 iteration    simulation      bound        time (s)     solves  pid
-------------------------------------------------------------------
         1   1.000000e+04  1.000000e+04  8.392000e+00         8   1
        10   1.000000e+04  1.000000e+04  8.715000e+00        80   1
-------------------------------------------------------------------
status         : iteration_limit
total time (s) : 8.715000e+00
total solves   : 80
best bound     :  1.000000e+04
simulation ci  :  9.750000e+03 ± 1.143333e+03
numeric issues : 0
-------------------------------------------------------------------

-------------------------------------------------------------------
         SDDP.jl (c) Oscar Dowson and contributors, 2017-23
-------------------------------------------------------------------
problem
  nodes           : 3
  state variables : 1
  scenarios       : 4.00000e+00
  existing cuts   : false
options
  solver          : serial mode
  risk measure    : SDDP.Expectation()
  sampling scheme : SDDP.InSampleMonteCarlo
subproblem structure
  VariableRef                             : [9, 9]
  AffExpr in MOI.EqualTo{Float64}         : [2, 2]
  VariableRef in MOI.GreaterThan{Float64} : [7, 7]
  VariableRef in MOI.LessThan{Float64}    : [1, 2]
numerical stability report
  matrix range     [1e+00, 1e+00]
  objective range  [1e+00, 2e+02]
  bounds range     [3e+02, 3e+02]
  rhs range        [2e+02, 2e+02]
-------------------------------------------------------------------
 iteration    simulation      bound        time (s)     solves  pid
-------------------------------------------------------------------
         1   7.500000e+03  1.000000e+04  8.198000e+00         8   1
         3   1.250000e+04  1.000000e+04  8.600000e+00        24   1
-------------------------------------------------------------------
status         : iteration_limit
total time (s) : 8.600000e+00
total solves   : 24
best bound     :  1.000000e+04
simulation ci  :  1.083333e+04 ± 3.266667e+03
numeric issues : 0
-------------------------------------------------------------------

-------------------------------------------------------------------
         SDDP.jl (c) Oscar Dowson and contributors, 2017-23
-------------------------------------------------------------------
problem
  nodes           : 100
  state variables : 1
  scenarios       : 1.26765e+130
  existing cuts   : false
options
  solver          : serial mode
  risk measure    : SDDP.Expectation()
  sampling scheme : SDDP.InSampleMonteCarlo
subproblem structure
  VariableRef                             : [9, 9]
  AffExpr in MOI.EqualTo{Float64}         : [2, 2]
  VariableRef in MOI.GreaterThan{Float64} : [7, 7]
  VariableRef in MOI.LessThan{Float64}    : [1, 2]
numerical stability report
  matrix range     [1e+00, 1e+00]
  objective range  [1e+00, 2e+02]
  bounds range     [3e+02, 3e+02]
  rhs range        [2e+02, 2e+02]
-------------------------------------------------------------------
 iteration    simulation      bound        time (s)     solves  pid
-------------------------------------------------------------------
         1   4.867500e+05  5.075000e+05  4.744000e+00      2100   1
         5   5.132500e+05  5.075000e+05  5.476000e+00     10500   1
-------------------------------------------------------------------
status         : iteration_limit
total time (s) : 5.476000e+00
total solves   : 10500
best bound     :  5.075000e+05
simulation ci  :  5.072000e+05 ± 1.096593e+04
numeric issues : 0
-------------------------------------------------------------------

-------------------------------------------------------------------
         SDDP.jl (c) Oscar Dowson and contributors, 2017-23
-------------------------------------------------------------------
problem
  nodes           : 100
  state variables : 1
  scenarios       : 1.26765e+130
  existing cuts   : true
options
  solver          : serial mode
  risk measure    : SDDP.Expectation()
  sampling scheme : SDDP.InSampleMonteCarlo
subproblem structure
  VariableRef                             : [9, 9]
  AffExpr in MOI.EqualTo{Float64}         : [2, 2]
  AffExpr in MOI.GreaterThan{Float64}     : [1, 5]
  VariableRef in MOI.EqualTo{Float64}     : [2, 2]
  VariableRef in MOI.GreaterThan{Float64} : [7, 7]
  VariableRef in MOI.LessThan{Float64}    : [1, 2]
numerical stability report
  matrix range     [1e+00, 5e+01]
  objective range  [1e+00, 2e+02]
  bounds range     [3e+02, 3e+02]
  rhs range        [2e+02, 5e+05]
-------------------------------------------------------------------
 iteration    simulation      bound        time (s)     solves  pid
-------------------------------------------------------------------
         1   5.120000e+05  5.075000e+05  2.969999e-01     42501   1
         5   5.237500e+05  5.075000e+05  1.624000e+00     50901   1
         9   5.155000e+05  5.075000e+05  2.951000e+00     59301   1
        12   5.045000e+05  5.075000e+05  3.970000e+00     65601   1
        15   4.960000e+05  5.075000e+05  5.142000e+00     71901   1
        20   5.262500e+05  5.075000e+05  6.303000e+00     82401   1
        25   5.130000e+05  5.075000e+05  7.516000e+00     92901   1
        29   4.740000e+05  5.075000e+05  8.635000e+00    101301   1
        33   4.997500e+05  5.075000e+05  9.855000e+00    109701   1
        48   5.195000e+05  5.075000e+05  1.493400e+01    141201   1
        64   4.977500e+05  5.075000e+05  2.030400e+01    174801   1
        79   5.152500e+05  5.075000e+05  2.543000e+01    206301   1
        94   5.250000e+05  5.075000e+05  3.052800e+01    237801   1
       100   5.175000e+05  5.075000e+05  3.269900e+01    250401   1
-------------------------------------------------------------------
status         : iteration_limit
total time (s) : 3.269900e+01
total solves   : 250401
best bound     :  5.075000e+05
simulation ci  :  5.063300e+05 ± 2.710652e+03
numeric issues : 0
-------------------------------------------------------------------

-------------------------------------------------------------------
         SDDP.jl (c) Oscar Dowson and contributors, 2017-23
-------------------------------------------------------------------
problem
  nodes           : 100
  state variables : 1
  scenarios       : 1.26765e+130
  existing cuts   : false
options
  solver          : serial mode
  risk measure    : SDDP.Expectation()
  sampling scheme : SDDP.InSampleMonteCarlo
subproblem structure
  VariableRef                             : [9, 9]
  AffExpr in MOI.EqualTo{Float64}         : [2, 2]
  VariableRef in MOI.GreaterThan{Float64} : [7, 7]
  VariableRef in MOI.LessThan{Float64}    : [1, 2]
numerical stability report
  matrix range     [1e+00, 1e+00]
  objective range  [1e+00, 2e+02]
  bounds range     [3e+02, 3e+02]
  rhs range        [2e+02, 2e+02]
-------------------------------------------------------------------
 iteration    simulation      bound        time (s)     solves  pid
-------------------------------------------------------------------
         1   4.860000e+05  5.075000e+05  1.007100e+01      2100   1
        20   5.050000e+05  5.075000e+05  1.512800e+01     42000   1
-------------------------------------------------------------------
status         : iteration_limit
total time (s) : 1.512800e+01
total solves   : 42000
best bound     :  5.075000e+05
simulation ci  :  5.045947e+05 ± 5.472766e+03
numeric issues : 0
-------------------------------------------------------------------

-------------------------------------------------------------------
         SDDP.jl (c) Oscar Dowson and contributors, 2017-23
-------------------------------------------------------------------
problem
  nodes           : 100
  state variables : 1
  scenarios       : 1.26765e+130
  existing cuts   : false
options
  solver          : serial mode
  risk measure    : SDDP.Expectation()
  sampling scheme : SDDP.InSampleMonteCarlo
subproblem structure
  VariableRef                             : [9, 9]
  AffExpr in MOI.EqualTo{Float64}         : [2, 2]
  VariableRef in MOI.GreaterThan{Float64} : [7, 7]
  VariableRef in MOI.LessThan{Float64}    : [1, 2]
numerical stability report
  matrix range     [1e+00, 1e+00]
  objective range  [1e+00, 2e+02]
  bounds range     [3e+02, 3e+02]
  rhs range        [2e+02, 2e+02]
-------------------------------------------------------------------
 iteration    simulation      bound        time (s)     solves  pid
-------------------------------------------------------------------
         1   5.245000e+05  5.075000e+05  8.121000e+00      2100   1
         5   5.042500e+05  5.075000e+05  9.354000e+00     10500   1
        27   4.995000e+05  5.075000e+05  1.447600e+01     56700   1
        48   5.000000e+05  5.075000e+05  1.963100e+01    100800   1
        50   5.077500e+05  5.075000e+05  2.016000e+01    105000   1
-------------------------------------------------------------------
status         : iteration_limit
total time (s) : 2.016000e+01
total solves   : 105000
best bound     :  5.075000e+05
simulation ci  :  5.095350e+05 ± 4.070150e+03
numeric issues : 0
-------------------------------------------------------------------

-------------------------------------------------------------------
         SDDP.jl (c) Oscar Dowson and contributors, 2017-23
-------------------------------------------------------------------
problem
  nodes           : 100
  state variables : 1
  scenarios       : 1.26765e+130
  existing cuts   : false
options
  solver          : serial mode
  risk measure    : SDDP.Expectation()
  sampling scheme : SDDP.InSampleMonteCarlo
subproblem structure
  VariableRef                             : [9, 9]
  AffExpr in MOI.EqualTo{Float64}         : [2, 2]
  VariableRef in MOI.GreaterThan{Float64} : [7, 7]
  VariableRef in MOI.LessThan{Float64}    : [1, 2]
numerical stability report
  matrix range     [1e+00, 1e+00]
  objective range  [1e+00, 2e+02]
  bounds range     [3e+02, 3e+02]
  rhs range        [2e+02, 2e+02]
-------------------------------------------------------------------
 iteration    simulation      bound        time (s)     solves  pid
-------------------------------------------------------------------
         1   5.175000e+05  5.075000e+05  1.625100e+01      2100   1
         5   5.187500e+05  5.075000e+05  1.910700e+01     10500   1
-------------------------------------------------------------------
status         : iteration_limit
total time (s) : 1.910700e+01
total solves   : 10500
best bound     :  5.075000e+05
simulation ci  :  5.092905e+05 ± 1.270408e+04
numeric issues : 0
-------------------------------------------------------------------

